Arguments: 
  /usr/local/Cellar/node/8.7.0/bin/node /usr/local/Cellar/node/8.7.0/bin/yarn add -E @bower_components/angular-ui-router@angular/bower-angular#1.6.6

PATH: 
  /usr/local/Cellar/node/8.7.0/bin:/usr/local/bin:/usr/local/opt/node/libexec/bin:/usr/local/opt/node/bin:/usr/local/opt/sqlite/bin:/usr/bin:/bin:/usr/sbin:/sbin:/usr/local/git/bin:/usr/local/opt/unzip/bin:/usr/local/sbin:/Users/mak/bin:/Users/mak/npm-global/bin:/bin:/usr/local/bin:/usr/local/bin

Yarn version: 
  0.27.5

Node version: 
  8.7.0

Platform: 
  darwin x64

npm manifest: 
  {
    "name": "angularjs-using-bower",
    "version": "0.0.1",
    "private": true,
    "description": "AngularJS using Bower and Docker",
    "main": "index.html",
    "scripts": {
      "postinstall": "bower install",
      "build": "echo build",
      "gh-pages": "echo gh-pages"
    },
    "keywords": [
      "angularjs",
      "angular"
    ],
    "dependencies": {
    },
    "author": "Maksim Kostromin <daggerok@gmail.com>",
    "license": "MIT",
    "devDependencies": {
      "bower": "1.8.2",
      "gh-pages": "1.0.0",
      "livereload": "0.6.3",
      "ncp": "2.0.0",
      "rimraf": "2.6.2",
      "serve": "6.4.0"
    },
    "repository": {
      "type": "git",
      "url": "git+https://github.com/daggerok/angularjs-examples.git"
    },
    "bugs": {
      "url": "https://github.com/daggerok/angularjs-examples/issues"
    },
    "homepage": "https://daggerok.github.io/angularjs-examples#readme"
  }

yarn manifest: 
  No manifest

Lockfile: 
  No lockfile

Trace: 
  Error: https://github.com/angular/bower-angular: ETIMEDOUT
      at Timeout._onTimeout (/Users/mak/.config/yarn/global/node_modules/request/request.js:846:19)
      at ontimeout (timers.js:471:11)
      at tryOnTimeout (timers.js:306:5)
      at Timer.listOnTimeout (timers.js:266:5)
